23:52:40.075 INFO  Slf4jLogger       - Slf4jLogger started
23:52:40.625 INFO  RestServer        - Start http server 0.0.0.0:9090
23:52:40.640 INFO  cluster           - Cluster created with settings {hosts=[mongo:27017], mode=SINGLE, requiredClusterType=UNKNOWN, serverSelectionTimeout='30000 ms', maxWaitQueueSize=500}
23:52:40.743 INFO  package$          - 

               _   _             __  __ _
     /\       | | (_)           |  \/  | |
    /  \   ___| |_ _  ___  _ __ | \  / | |
   / /\ \ / __| __| |/ _ \| '_ \| |\/| | |
  / ____ \ (__| |_| | (_) | | | | |  | | |____
 /_/    \_\___|\__|_|\___/|_| |_|_|  |_|______|

    _    _
   | |  | |
   | |__| | __ _ _ __ _ __   ___  ___ ___
   |  __  |/ _` | '__| '_ \ / _ \/ __/ __|
   | |  | | (_| | |  | | | |  __/\__ \__ \
   |_|  |_|\__,_|_|  |_| |_|\___||___/___/


      
23:52:40.898 INFO  cluster           - No server chosen by com.mongodb.async.client.ClientSessionHelper$1@7f38c99e from cluster description ClusterDescription{type=UNKNOWN, connectionMode=SINGLE, serverDescriptions=[ServerDescription{address=mongo:27017, type=UNKNOWN, state=CONNECTING}]}. Waiting for 30000 ms before timing out
23:52:40.935 INFO  connection        - Opened connection [connectionId{localValue:1, serverValue:1}] to mongo:27017
23:52:40.947 INFO  cluster           - No server chosen by com.mongodb.async.client.ClientSessionHelper$1@15ed3fc2 from cluster description ClusterDescription{type=UNKNOWN, connectionMode=SINGLE, serverDescriptions=[ServerDescription{address=mongo:27017, type=UNKNOWN, state=CONNECTING}]}. Waiting for 30000 ms before timing out
23:52:40.958 INFO  cluster           - Monitor thread successfully connected to server with description ServerDescription{address=mongo:27017, type=STANDALONE, state=CONNECTED, ok=true, version=ServerVersion{versionList=[3, 2, 21]}, minWireVersion=0, maxWireVersion=4, maxDocumentSize=16777216, logicalSessionTimeoutMinutes=null, roundTripTimeNanos=20780165}
23:52:40.989 INFO  connection        - Opened connection [connectionId{localValue:2, serverValue:2}] to mongo:27017
23:52:41.074 INFO  connection        - Opened connection [connectionId{localValue:3, serverValue:3}] to mongo:27017
23:52:41.082 INFO  package$          - 
╔════════════════════════════════════════════════════════════════════════════════╗
║ Harness Server Init                                                            ║
║ ══════════════════════════════════════════════════════════════════════════════ ║
║ Number of Engines:                      0                                      ║
║ Engines:                                List()                                 ║
╚════════════════════════════════════════════════════════════════════════════════╝

23:57:37.312 INFO  HarnessServer$    - Shutting down Harness Server
23:57:37.314 INFO  MongoStorage$     - Closing mongo client MongoClient(com.mongodb.async.client.MongoClientImpl@11b2889e)
23:57:37.315 INFO  BaseModule        - Terminating actor system in the Harness Server...
23:57:37.315 INFO  connection        - Closed connection [connectionId{localValue:2, serverValue:2}] to mongo:27017 because the pool has been closed.
23:57:37.321 INFO  connection        - Closed connection [connectionId{localValue:3, serverValue:3}] to mongo:27017 because the pool has been closed.
